2025-06-09T23:54:12.725209Z  INFO supermusr_trace_event_viewer::app::app: Searching for Traces: 0/3. Press <Esc> to halt.
2025-06-09T23:54:12.824546Z  INFO supermusr_trace_event_viewer::app::app: Searching for Traces: 0/3. Press <Esc> to halt.
2025-06-09T23:54:13.324161Z  INFO supermusr_trace_event_viewer::app::app: Message at offset 1: timestamp: 2025-06-06 09:34:00.886679360 UTC
2025-06-09T23:54:13.724337Z  INFO supermusr_trace_event_viewer::app::app: Message at offset 1: timestamp: 2025-06-06 09:34:00.886679360 UTC
2025-06-09T23:54:14.224464Z  INFO supermusr_trace_event_viewer::app::app: Message at offset 501: timestamp: 2025-06-06 09:33:59.346676640 UTC
2025-06-09T23:54:14.424944Z  INFO supermusr_trace_event_viewer::app::app: Searching for Traces: 1/3. Press <Esc> to halt.
2025-06-09T23:54:14.524461Z  INFO supermusr_trace_event_viewer::app::app: Message at offset 1: timestamp: 2025-06-06 09:34:00.886679360 UTC
2025-06-09T23:54:14.824529Z  INFO supermusr_trace_event_viewer::app::app: Message at offset 1: timestamp: 2025-06-06 09:34:00.886679360 UTC
2025-06-09T23:54:15.323978Z  INFO supermusr_trace_event_viewer::app::app: Message at offset 51: timestamp: 2025-06-06 09:34:00.746678840 UTC
2025-06-09T23:54:15.424041Z  INFO supermusr_trace_event_viewer::app::app: Message at offset 101: timestamp: 2025-06-06 09:34:00.586678380 UTC
2025-06-09T23:54:15.624516Z  INFO supermusr_trace_event_viewer::app::app: Message at offset 151: timestamp: 2025-06-06 09:34:00.446678160 UTC
2025-06-09T23:54:15.724337Z  INFO supermusr_trace_event_viewer::app::app: Message at offset 201: timestamp: 2025-06-06 09:34:00.266678140 UTC
2025-06-09T23:54:15.824168Z  INFO supermusr_trace_event_viewer::app::app: Message at offset 251: timestamp: 2025-06-06 09:34:00.126677720 UTC
2025-06-09T23:54:15.924279Z  INFO supermusr_trace_event_viewer::app::app: Searching for Traces: 2/3. Press <Esc> to halt.
2025-06-09T23:54:16.024048Z  INFO supermusr_trace_event_viewer::app::app: Message timestamp: 2025-06-06 09:34:00.026677600 UTC
2025-06-09T23:54:16.224817Z  INFO supermusr_trace_event_viewer::app::app: Message timestamp: 2025-06-06 09:34:00.026677600 UTC
2025-06-09T23:54:16.324923Z  INFO supermusr_trace_event_viewer::app::app: Message timestamp: 2025-06-06 09:34:00.026677600 UTC
2025-06-09T23:54:16.423718Z  INFO supermusr_trace_event_viewer::app::app: Message timestamp: 2025-06-06 09:34:00.026677600 UTC
2025-06-09T23:54:16.624278Z  INFO supermusr_trace_event_viewer::app::app: Message timestamp: 2025-06-06 09:34:00.026677600 UTC
2025-06-09T23:54:16.724139Z  INFO supermusr_trace_event_viewer::app::app: Message timestamp: 2025-06-06 09:34:00.026677600 UTC
2025-06-09T23:54:16.809824Z  INFO search: supermusr_trace_event_viewer::messages::cache: New Trace
2025-06-09T23:54:16.824380Z  INFO supermusr_trace_event_viewer::app::app: Message timestamp: 2025-06-06 09:34:00.046677740 UTC
2025-06-09T23:54:17.024672Z  INFO supermusr_trace_event_viewer::app::app: Searching for Event Lists: 0/3. Press <Esc> to halt.
2025-06-09T23:54:17.125039Z  INFO supermusr_trace_event_viewer::app::app: Searching for Event Lists: 0/3. Press <Esc> to halt.
2025-06-09T23:54:18.123955Z  INFO supermusr_trace_event_viewer::app::app: Message at offset 1: timestamp: 2025-06-06 09:34:00.886679360 UTC
2025-06-09T23:54:18.623825Z  INFO supermusr_trace_event_viewer::app::app: Message at offset 1: timestamp: 2025-06-06 09:34:00.886679360 UTC
2025-06-09T23:54:19.224616Z  INFO supermusr_trace_event_viewer::app::app: Message at offset 501: timestamp: 2025-06-06 09:33:59.346676640 UTC
2025-06-09T23:54:19.324612Z  INFO supermusr_trace_event_viewer::app::app: Searching for Event Lists: 1/3. Press <Esc> to halt.
2025-06-09T23:54:19.624895Z  INFO supermusr_trace_event_viewer::app::app: Message at offset 1: timestamp: 2025-06-06 09:34:00.886679360 UTC
2025-06-09T23:54:20.224065Z  INFO supermusr_trace_event_viewer::app::app: Message at offset 1: timestamp: 2025-06-06 09:34:00.886679360 UTC
2025-06-09T23:54:20.723725Z  INFO supermusr_trace_event_viewer::app::app: Message at offset 51: timestamp: 2025-06-06 09:34:00.746678840 UTC
2025-06-09T23:54:21.224404Z  INFO supermusr_trace_event_viewer::app::app: Message at offset 101: timestamp: 2025-06-06 09:34:00.586678380 UTC
2025-06-09T23:54:21.723931Z  INFO supermusr_trace_event_viewer::app::app: Message at offset 151: timestamp: 2025-06-06 09:34:00.446678160 UTC
2025-06-09T23:54:22.225046Z  INFO supermusr_trace_event_viewer::app::app: Message at offset 201: timestamp: 2025-06-06 09:34:00.266678140 UTC
2025-06-09T23:54:22.724655Z  INFO supermusr_trace_event_viewer::app::app: Message at offset 251: timestamp: 2025-06-06 09:34:00.126677720 UTC
2025-06-09T23:54:23.224551Z  INFO supermusr_trace_event_viewer::app::app: Searching for Event Lists: 2/3. Press <Esc> to halt.
2025-06-09T23:54:23.424903Z  INFO supermusr_trace_event_viewer::app::app: Message timestamp: 2025-06-06 09:34:00.026677600 UTC
2025-06-09T23:54:23.524665Z  INFO supermusr_trace_event_viewer::app::app: Message timestamp: 2025-06-06 09:34:00.026677600 UTC
2025-06-09T23:54:23.624826Z  INFO supermusr_trace_event_viewer::app::app: Message timestamp: 2025-06-06 09:34:00.026677600 UTC
2025-06-09T23:54:23.723996Z  INFO supermusr_trace_event_viewer::app::app: Message timestamp: 2025-06-06 09:34:00.026677600 UTC
2025-06-09T23:54:23.924605Z  INFO supermusr_trace_event_viewer::app::app: Message timestamp: 2025-06-06 09:34:00.026677600 UTC
2025-06-09T23:54:24.024980Z  INFO supermusr_trace_event_viewer::app::app: Message timestamp: 2025-06-06 09:34:00.026677600 UTC
2025-06-09T23:54:24.123713Z  INFO supermusr_trace_event_viewer::app::app: Message timestamp: 2025-06-06 09:34:00.026677600 UTC
2025-06-09T23:54:24.123962Z  INFO search: supermusr_trace_event_viewer::messages::cache: New Event for Trace
2025-06-09T23:54:24.124074Z  INFO search: supermusr_trace_event_viewer::messages::cache: Found Trace for Events
2025-06-09T23:54:24.225135Z  INFO supermusr_trace_event_viewer::app::app: Message timestamp: 2025-06-06 09:34:00.046677740 UTC
2025-06-09T23:54:24.324608Z  INFO supermusr_trace_event_viewer::app::app: Searching for Event Lists: 3/3. Press <Esc> to halt.
2025-06-09T23:54:24.424760Z  INFO supermusr_trace_event_viewer::app::app: Search Complete. Press <Enter> to search again.
